0 info it worked if it ends with ok
1 verbose cli [ '/home/ubuntu/.nvm/versions/node/v4.7.3/bin/node',
1 verbose cli   '/home/ubuntu/.nvm/versions/node/v4.7.3/bin/npm',
1 verbose cli   'install' ]
2 info using npm@2.15.11
3 info using node@v4.7.3
4 verbose readDependencies loading dependencies from /home/ubuntu/workspace/CSC-417/plm19proj2/package.json
5 warn package.json plm19proj2@1.0.0 No repository field.
6 verbose install where, deps [ '/home/ubuntu/workspace/CSC-417/plm19proj2',
6 verbose install   [ 'node', 'typescript' ] ]
7 verbose install where, peers [ '/home/ubuntu/workspace/CSC-417/plm19proj2', [] ]
8 verbose installManyTop reading for lifecycle /home/ubuntu/workspace/CSC-417/plm19proj2/package.json
9 info preinstall plm19proj2@1.0.0
10 verbose installManyTop reading scoped package data from /home/ubuntu/workspace/CSC-417/plm19proj2/node_modules/typescript/package.json
11 verbose readDependencies loading dependencies from /home/ubuntu/workspace/CSC-417/plm19proj2/package.json
12 verbose targetResolver reading package data from /home/ubuntu/workspace/CSC-417/plm19proj2/node_modules/typescript/package.json
13 verbose targetResolver reading package data from /home/ubuntu/workspace/CSC-417/plm19proj2/node_modules/.bin/tsc/package.json
14 verbose targetResolver reading package data from /home/ubuntu/workspace/CSC-417/plm19proj2/node_modules/.bin/tsserver/package.json
15 silly cache add args [ 'node@^11.12.0', null ]
16 verbose cache add spec node@^11.12.0
17 silly cache add parsed spec Result {
17 silly cache add   raw: 'node@^11.12.0',
17 silly cache add   scope: null,
17 silly cache add   name: 'node',
17 silly cache add   rawSpec: '^11.12.0',
17 silly cache add   spec: '>=11.12.0 <12.0.0',
17 silly cache add   type: 'range' }
18 silly addNamed node@>=11.12.0 <12.0.0
19 verbose addNamed ">=11.12.0 <12.0.0" is a valid semver range for node
20 silly addNameRange { name: 'node', range: '>=11.12.0 <12.0.0', hasData: false }
21 silly mapToRegistry name node
22 silly mapToRegistry using default registry
23 silly mapToRegistry registry https://registry.npmjs.org/
24 silly mapToRegistry data Result {
24 silly mapToRegistry   raw: 'node',
24 silly mapToRegistry   scope: null,
24 silly mapToRegistry   name: 'node',
24 silly mapToRegistry   rawSpec: '',
24 silly mapToRegistry   spec: 'latest',
24 silly mapToRegistry   type: 'tag' }
25 silly mapToRegistry uri https://registry.npmjs.org/node
26 verbose addNameRange registry:https://registry.npmjs.org/node not in flight; fetching
27 verbose already installed skipping typescript@^3.4.1 /home/ubuntu/workspace/CSC-417/plm19proj2
28 verbose request uri https://registry.npmjs.org/node
29 verbose request no auth needed
30 info attempt registry request try #1 at 4:01:57 AM
31 verbose request id ce659e1fe87cc65a
32 verbose etag W/"a4bee9c053de7ec014909ee06680bddf"
33 verbose lastModified Sat, 16 Mar 2019 02:35:48 GMT
34 http request GET https://registry.npmjs.org/node
35 http 304 https://registry.npmjs.org/node
36 verbose headers { date: 'Thu, 04 Apr 2019 04:01:57 GMT',
36 verbose headers   connection: 'keep-alive',
36 verbose headers   'set-cookie': [ '__cfduid=d179118080c446a1e2d56541f0cab4c601554350517; expires=Fri, 03-Apr-20 04:01:57 GMT; path=/; domain=.registry.npmjs.org; HttpOnly' ],
36 verbose headers   'cf-cache-status': 'HIT',
36 verbose headers   'cache-control': 'max-age=300',
36 verbose headers   'cf-ray': '4c20624efba4713d-ORD',
36 verbose headers   etag: '"a4bee9c053de7ec014909ee06680bddf"',
36 verbose headers   'expect-ct': 'max-age=604800, report-uri="https://report-uri.cloudflare.com/cdn-cgi/beacon/expect-ct"',
36 verbose headers   'last-modified': 'Sat, 16 Mar 2019 02:35:48 GMT',
36 verbose headers   vary: 'accept-encoding, accept',
36 verbose headers   'x-amz-meta-rev': '468-fdf787e706f7b9213f6dbdef2ab2d64c',
36 verbose headers   server: 'cloudflare' }
37 silly get cb [ 304,
37 silly get   { date: 'Thu, 04 Apr 2019 04:01:57 GMT',
37 silly get     connection: 'keep-alive',
37 silly get     'set-cookie': [ '__cfduid=d179118080c446a1e2d56541f0cab4c601554350517; expires=Fri, 03-Apr-20 04:01:57 GMT; path=/; domain=.registry.npmjs.org; HttpOnly' ],
37 silly get     'cf-cache-status': 'HIT',
37 silly get     'cache-control': 'max-age=300',
37 silly get     'cf-ray': '4c20624efba4713d-ORD',
37 silly get     etag: '"a4bee9c053de7ec014909ee06680bddf"',
37 silly get     'expect-ct': 'max-age=604800, report-uri="https://report-uri.cloudflare.com/cdn-cgi/beacon/expect-ct"',
37 silly get     'last-modified': 'Sat, 16 Mar 2019 02:35:48 GMT',
37 silly get     vary: 'accept-encoding, accept',
37 silly get     'x-amz-meta-rev': '468-fdf787e706f7b9213f6dbdef2ab2d64c',
37 silly get     server: 'cloudflare' } ]
38 verbose etag https://registry.npmjs.org/node from cache
39 verbose get saving node to /home/ubuntu/.npm/registry.npmjs.org/node/.cache.json
40 verbose correctMkdir /home/ubuntu/.npm correctMkdir not in flight; initializing
41 silly addNameRange number 2 { name: 'node', range: '>=11.12.0 <12.0.0', hasData: true }
42 silly addNameRange versions [ 'node',
42 silly addNameRange   [ '0.0.0',
42 silly addNameRange     '0.1.14',
42 silly addNameRange     '0.1.15',
42 silly addNameRange     '0.1.16',
42 silly addNameRange     '0.1.17',
42 silly addNameRange     '0.1.18',
42 silly addNameRange     '0.1.19',
42 silly addNameRange     '0.1.20',
42 silly addNameRange     '0.1.21',
42 silly addNameRange     '0.1.22',
42 silly addNameRange     '0.1.23',
42 silly addNameRange     '0.1.24',
42 silly addNameRange     '0.1.25',
42 silly addNameRange     '0.1.26',
42 silly addNameRange     '0.1.27',
42 silly addNameRange     '0.1.28',
42 silly addNameRange     '0.1.29',
42 silly addNameRange     '0.1.30',
42 silly addNameRange     '0.1.31',
42 silly addNameRange     '0.1.32',
42 silly addNameRange     '0.1.33',
42 silly addNameRange     '0.1.90',
42 silly addNameRange     '0.1.91',
42 silly addNameRange     '0.1.92',
42 silly addNameRange     '0.1.93',
42 silly addNameRange     '0.1.94',
42 silly addNameRange     '0.1.95',
42 silly addNameRange     '0.1.96',
42 silly addNameRange     '0.1.97',
42 silly addNameRange     '0.1.98',
42 silly addNameRange     '0.1.99',
42 silly addNameRange     '0.1.100',
42 silly addNameRange     '0.1.101',
42 silly addNameRange     '0.1.102',
42 silly addNameRange     '0.1.103',
42 silly addNameRange     '0.1.104',
42 silly addNameRange     '0.2.0',
42 silly addNameRange     '0.2.1',
42 silly addNameRange     '0.2.2',
42 silly addNameRange     '0.2.3',
42 silly addNameRange     '0.2.4',
42 silly addNameRange     '0.2.5',
42 silly addNameRange     '0.2.6',
42 silly addNameRange     '0.3.0',
42 silly addNameRange     '0.3.1',
42 silly addNameRange     '0.3.2',
42 silly addNameRange     '0.3.3',
42 silly addNameRange     '0.3.4',
42 silly addNameRange     '0.3.5',
42 silly addNameRange     '0.3.6',
42 silly addNameRange     '0.3.7',
42 silly addNameRange     '0.3.8',
42 silly addNameRange     '0.4.0',
42 silly addNameRange     '0.4.1',
42 silly addNameRange     '0.4.2',
42 silly addNameRange     '0.4.3',
42 silly addNameRange     '0.4.4',
42 silly addNameRange     '0.4.5',
42 silly addNameRange     '0.4.6',
42 silly addNameRange     '0.4.7',
42 silly addNameRange     '0.4.8',
42 silly addNameRange     '0.4.9',
42 silly addNameRange     '0.4.10',
42 silly addNameRange     '0.4.11',
42 silly addNameRange     '0.4.12',
42 silly addNameRange     '0.5.0',
42 silly addNameRange     '0.5.1',
42 silly addNameRange     '0.5.2',
42 silly addNameRange     '0.5.3',
42 silly addNameRange     '0.5.4',
42 silly addNameRange     '0.5.5',
42 silly addNameRange     '0.5.6',
42 silly addNameRange     '0.5.7',
42 silly addNameRange     '0.5.8',
42 silly addNameRange     '0.5.9',
42 silly addNameRange     '0.5.10',
42 silly addNameRange     '0.6.0',
42 silly addNameRange     '0.6.1',
42 silly addNameRange     '0.6.2',
42 silly addNameRange     '0.6.3',
42 silly addNameRange     '0.6.4',
42 silly addNameRange     '0.6.5',
42 silly addNameRange     '0.6.6',
42 silly addNameRange     '0.6.7',
42 silly addNameRange     '0.6.8',
42 silly addNameRange     '0.6.9',
42 silly addNameRange     '0.6.10',
42 silly addNameRange     '0.6.11',
42 silly addNameRange     '0.6.12',
42 silly addNameRange     '0.6.13',
42 silly addNameRange     '0.6.14',
42 silly addNameRange     '0.6.15',
42 silly addNameRange     '0.6.16',
42 silly addNameRange     '0.6.17',
42 silly addNameRange     '0.6.18',
42 silly addNameRange     '0.6.19',
42 silly addNameRange     '0.6.20',
42 silly addNameRange     '0.6.21',
42 silly addNameRange     '0.7.0',
42 silly addNameRange     '0.7.1',
42 silly addNameRange     '0.7.2',
42 silly addNameRange     '0.7.3',
42 silly addNameRange     '0.7.4',
42 silly addNameRange     '0.7.5',
42 silly addNameRange     '0.7.6',
42 silly addNameRange     '0.7.7',
42 silly addNameRange     '0.7.8',
42 silly addNameRange     '0.7.9',
42 silly addNameRange     '0.7.10',
42 silly addNameRange     '0.7.11',
42 silly addNameRange     '0.7.12',
42 silly addNameRange     '0.8.0',
42 silly addNameRange     '0.8.1',
42 silly addNameRange     '0.8.2',
42 silly addNameRange     '0.8.3',
42 silly addNameRange     '0.8.4',
42 silly addNameRange     '0.8.5',
42 silly addNameRange     '0.8.6',
42 silly addNameRange     '0.8.7',
42 silly addNameRange     '0.8.8',
42 silly addNameRange     '0.8.9',
42 silly addNameRange     '0.8.10',
42 silly addNameRange     '0.8.11',
42 silly addNameRange     '0.8.12',
42 silly addNameRange     '0.8.13',
42 silly addNameRange     '0.8.14',
42 silly addNameRange     '0.8.15',
42 silly addNameRange     '0.8.16',
42 silly addNameRange     '0.8.17',
42 silly addNameRange     '0.8.18',
42 silly addNameRange     '0.8.19',
42 silly addNameRange     '0.8.20',
42 silly addNameRange     '0.8.21',
42 silly addNameRange     '0.8.22',
42 silly addNameRange     '0.8.23',
42 silly addNameRange     '0.8.24',
42 silly addNameRange     '0.8.25',
42 silly addNameRange     '0.8.26',
42 silly addNameRange     '0.8.27',
42 silly addNameRange     '0.8.28',
42 silly addNameRange     '0.9.0',
42 silly addNameRange     '0.9.1',
42 silly addNameRange     '0.9.2',
42 silly addNameRange     '0.9.3',
42 silly addNameRange     '0.9.4',
42 silly addNameRange     '0.9.5',
42 silly addNameRange     '0.9.6',
42 silly addNameRange     '0.9.7',
42 silly addNameRange     '0.9.8',
42 silly addNameRange     '0.9.9',
42 silly addNameRange     '0.9.10',
42 silly addNameRange     '0.9.11',
42 silly addNameRange     '0.9.12',
42 silly addNameRange     '0.10.0',
42 silly addNameRange     '0.10.1',
42 silly addNameRange     '0.10.2',
42 silly addNameRange     '0.10.3',
42 silly addNameRange     '0.10.4',
42 silly addNameRange     '0.10.5',
42 silly addNameRange     '0.10.6',
42 silly addNameRange     '0.10.7',
42 silly addNameRange     '0.10.8',
42 silly addNameRange     '0.10.9',
42 silly addNameRange     '0.10.10',
42 silly addNameRange     '0.10.11',
42 silly addNameRange     '0.10.12',
42 silly addNameRange     '0.10.13',
42 silly addNameRange     '0.10.14',
42 silly addNameRange     '0.10.15',
42 silly addNameRange     '0.10.16',
42 silly addNameRange     '0.10.17',
42 silly addNameRange     '0.10.18',
42 silly addNameRange     '0.10.19',
42 silly addNameRange     '0.10.20',
42 silly addNameRange     '0.10.21',
42 silly addNameRange     '0.10.22',
42 silly addNameRange     '0.10.23',
42 silly addNameRange     '0.10.24',
42 silly addNameRange     '0.10.25',
42 silly addNameRange     '0.10.26',
42 silly addNameRange     '0.10.27',
42 silly addNameRange     '0.10.28',
42 silly addNameRange     '0.10.29',
42 silly addNameRange     '0.10.30',
42 silly addNameRange     '0.10.31',
42 silly addNameRange     '0.10.32',
42 silly addNameRange     '0.10.33',
42 silly addNameRange     '0.10.34',
42 silly addNameRange     '0.10.35',
42 silly addNameRange     '0.10.36',
42 silly addNameRange     '0.10.37',
42 silly addNameRange     '0.10.38',
42 silly addNameRange     '0.10.39',
42 silly addNameRange     '0.10.40',
42 silly addNameRange     '0.10.41',
42 silly addNameRange     '0.10.42',
42 silly addNameRange     '0.10.43',
42 silly addNameRange     '0.10.44',
42 silly addNameRange     '0.10.45',
42 silly addNameRange     '0.10.46',
42 silly addNameRange     '0.10.47',
42 silly addNameRange     '0.10.48',
42 silly addNameRange     '0.11.0',
42 silly addNameRange     '0.11.1',
42 silly addNameRange     '0.11.2',
42 silly addNameRange     '0.11.3',
42 silly addNameRange     '0.11.4',
42 silly addNameRange     '0.11.5',
42 silly addNameRange     '0.11.6',
42 silly addNameRange     '0.11.7',
42 silly addNameRange     '0.11.8',
42 silly addNameRange     '0.11.9',
42 silly addNameRange     '0.11.10',
42 silly addNameRange     '0.11.11',
42 silly addNameRange     '0.11.12',
42 silly addNameRange     '0.11.13',
42 silly addNameRange     '0.11.14',
42 silly addNameRange     '0.11.15',
42 silly addNameRange     '0.11.16',
42 silly addNameRange     '0.12.0',
42 silly addNameRange     '0.12.1',
42 silly addNameRange     '0.12.2',
42 silly addNameRange     '0.12.3',
42 silly addNameRange     '0.12.4',
42 silly addNameRange     '0.12.5',
42 silly addNameRange     '0.12.6',
42 silly addNameRange     '0.12.7',
42 silly addNameRange     '0.12.8',
42 silly addNameRange     '0.12.9',
42 silly addNameRange     '0.12.10',
42 silly addNameRange     '0.12.11',
42 silly addNameRange     '0.12.12',
42 silly addNameRange     '0.12.13',
42 silly addNameRange     '0.12.14',
42 silly addNameRange     '0.12.15',
42 silly addNameRange     '0.12.16',
42 silly addNameRange     '0.12.17',
42 silly addNameRange     '0.12.18',
42 silly addNameRange     '4.0.0',
42 silly addNameRange     '4.1.0',
42 silly addNameRange     '4.1.1',
42 silly addNameRange     '4.1.2',
42 silly addNameRange     '4.2.0',
42 silly addNameRange     '4.2.1',
42 silly addNameRange     '4.2.2',
42 silly addNameRange     '4.2.3',
42 silly addNameRange     '4.2.4',
42 silly addNameRange     '4.2.5',
42 silly addNameRange     '4.2.6',
42 silly addNameRange     '4.3.0',
42 silly addNameRange     '4.3.1',
42 silly addNameRange     '4.3.2',
42 silly addNameRange     '4.4.0',
42 silly addNameRange     '4.4.1',
42 silly addNameRange     '4.4.2',
42 silly addNameRange     '4.4.3',
42 silly addNameRange     '4.4.4',
42 silly addNameRange     '4.4.5',
42 silly addNameRange     '4.4.6',
42 silly addNameRange     '4.4.7',
42 silly addNameRange     '4.5.0',
42 silly addNameRange     '4.6.0',
42 silly addNameRange     '4.6.1',
42 silly addNameRange     '4.6.2',
42 silly addNameRange     '4.7.0',
42 silly addNameRange     '4.7.1',
42 silly addNameRange     '4.7.2',
42 silly addNameRange     '4.7.3',
42 silly addNameRange     '4.8.0',
42 silly addNameRange     '4.8.1',
42 silly addNameRange     '4.8.2',
42 silly addNameRange     '4.8.3',
42 silly addNameRange     '4.8.4',
42 silly addNameRange     '5.0.0',
42 silly addNameRange     '5.1.0',
42 silly addNameRange     '5.1.1',
42 silly addNameRange     '5.2.0',
42 silly addNameRange     '5.3.0',
42 silly addNameRange     '5.4.0',
42 silly addNameRange     '5.4.1',
42 silly addNameRange     '5.5.0',
42 silly addNameRange     '5.6.0',
42 silly addNameRange     '5.7.0',
42 silly addNameRange     '5.7.1',
42 silly addNameRange     '5.8.0',
42 silly addNameRange     '5.9.0',
42 silly addNameRange     '5.9.1',
42 silly addNameRange     '5.10.0',
42 silly addNameRange     '5.10.1',
42 silly addNameRange     '5.11.0',
42 silly addNameRange     '5.11.1',
42 silly addNameRange     '5.12.0',
42 silly addNameRange     '6.0.0',
42 silly addNameRange     '6.1.0',
42 silly addNameRange     '6.2.0',
42 silly addNameRange     '6.2.1',
42 silly addNameRange     '6.2.2',
42 silly addNameRange     '6.3.0',
42 silly addNameRange     '6.3.1',
42 silly addNameRange     '6.4.0',
42 silly addNameRange     '6.5.0',
42 silly addNameRange     '6.6.0',
42 silly addNameRange     '6.7.0',
42 silly addNameRange     '6.8.0',
42 silly addNameRange     '6.8.1',
42 silly addNameRange     '6.9.0',
42 silly addNameRange     '6.9.1',
42 silly addNameRange     '6.9.2',
42 silly addNameRange     '6.9.3',
42 silly addNameRange     '6.9.4',
42 silly addNameRange     '6.9.5',
42 silly addNameRange     '6.10.0',
42 silly addNameRange     '6.10.1',
42 silly addNameRange     '6.10.2',
42 silly addNameRange     '6.10.3',
42 silly addNameRange     '6.11.0',
42 silly addNameRange     '6.11.1',
42 silly addNameRange     '7.0.0',
42 silly addNameRange     '7.1.0',
42 silly addNameRange     '7.2.0',
42 silly addNameRange     '7.2.1',
42 silly addNameRange     '7.3.0',
42 silly addNameRange     '7.4.0',
42 silly addNameRange     '7.5.0',
42 silly addNameRange     '7.6.0',
42 silly addNameRange     '7.7.0',
42 silly addNameRange     '7.7.1',
42 silly addNameRange     '7.7.2',
42 silly addNameRange     '7.7.3',
42 silly addNameRange     '7.7.4',
42 silly addNameRange     '7.8.0',
42 silly addNameRange     '7.9.0',
42 silly addNameRange     '7.10.0',
42 silly addNameRange     '7.10.1',
42 silly addNameRange     '8.0.0',
42 silly addNameRange     '8.1.0',
42 silly addNameRange     '8.1.1',
42 silly addNameRange     '8.1.2',
42 silly addNameRange     '8.1.3',
42 silly addNameRange     '8.1.4',
42 silly addNameRange     '8.2.0',
42 silly addNameRange     '8.2.1',
42 silly addNameRange     '8.3.0',
42 silly addNameRange     '8.4.0',
42 silly addNameRange     '8.5.0',
42 silly addNameRange     '8.6.0',
42 silly addNameRange     '8.7.0',
42 silly addNameRange     '8.8.0',
42 silly addNameRange     '8.8.1',
42 silly addNameRange     '8.9.0',
42 silly addNameRange     '9.0.0',
42 silly addNameRange     '4.8.6',
42 silly addNameRange     '6.12.0',
42 silly addNameRange     '9.1.0',
42 silly addNameRange     '9.2.0',
42 silly addNameRange     '8.9.1',
42 silly addNameRange     '6.12.1',
42 silly addNameRange     '8.9.2',
42 silly addNameRange     '4.8.7',
42 silly addNameRange     '6.12.2',
42 silly addNameRange     '9.3.0',
42 silly addNameRange     '8.9.4',
42 silly addNameRange     '6.12.3',
42 silly addNameRange     '9.4.0',
42 silly addNameRange     '9.5.0',
42 silly addNameRange     '6.13.0',
42 silly addNameRange     '9.7.0',
42 silly addNameRange     '9.6.0',
42 silly addNameRange     '9.6.1',
42 silly addNameRange     '8.10.0',
42 silly addNameRange     '9.8.0',
42 silly addNameRange     '9.9.0',
42 silly addNameRange     '8.11.0',
42 silly addNameRange     '6.14.0',
42 silly addNameRange     '4.9.0',
42 silly addNameRange     '9.10.0',
42 silly addNameRange     '8.11.1',
42 silly addNameRange     '4.9.1',
42 silly addNameRange     '6.14.1',
42 silly addNameRange     '9.10.1',
42 silly addNameRange     '9.11.0',
42 silly addNameRange     '10.0.0',
42 silly addNameRange     '6.14.2',
42 silly addNameRange     '6.11.5',
42 silly addNameRange     '8.11.2',
42 silly addNameRange     '10.1.0',
42 silly addNameRange     '10.2.0',
42 silly addNameRange     '10.3.0',
42 silly addNameRange     '10.4.0',
42 silly addNameRange     '8.11.3',
42 silly addNameRange     '6.14.3',
42 silly addNameRange     '9.11.2',
42 silly addNameRange     '10.4.1',
42 silly addNameRange     '10.5.0',
42 silly addNameRange     '10.6.0',
42 silly addNameRange     '10.7.0',
42 silly addNameRange     '10.8.0',
42 silly addNameRange     '8.11.4',
42 silly addNameRange     '10.9.0',
42 silly addNameRange     '6.14.4',
42 silly addNameRange     '10.10.0',
42 silly addNameRange     '8.12.0',
42 silly addNameRange     '10.11.0',
42 silly addNameRange     '10.12.0',
42 silly addNameRange     '11.0.0',
42 silly addNameRange     '10.13.0',
42 silly addNameRange     '11.1.0',
42 silly addNameRange     '8.13.0',
42 silly addNameRange     '11.2.0',
42 silly addNameRange     '6.15.1',
42 silly addNameRange     '8.14.0',
42 silly addNameRange     '10.14.0',
42 silly addNameRange     '11.3.0',
42 silly addNameRange     '11.4.0',
42 silly addNameRange     '10.14.1',
42 silly addNameRange     '11.5.0',
42 silly addNameRange     '8.14.1',
42 silly addNameRange     '10.14.2',
42 silly addNameRange     '11.6.0',
42 silly addNameRange     '10.15.0',
42 silly addNameRange     '8.15.0',
42 silly addNameRange     '6.16.0',
42 silly addNameRange     '11.7.0',
42 silly addNameRange     '11.8.0',
42 silly addNameRange     '10.15.1',
42 silly addNameRange     '11.9.0',
42 silly addNameRange     '11.10.0',
42 silly addNameRange     '6.17.0',
42 silly addNameRange     '8.15.1',
42 silly addNameRange     '10.15.2',
42 silly addNameRange     '10.15.3',
42 silly addNameRange     '11.11.0',
42 silly addNameRange     '11.12.0' ] ]
43 silly addNamed node@11.12.0
44 verbose addNamed "11.12.0" is a plain semver version for node
45 silly cache afterAdd node@11.12.0
46 verbose afterAdd /home/ubuntu/.npm/node/11.12.0/package/package.json not in flight; writing
47 verbose correctMkdir /home/ubuntu/.npm correctMkdir not in flight; initializing
48 verbose afterAdd /home/ubuntu/.npm/node/11.12.0/package/package.json written
49 silly install resolved [ { name: 'node',
49 silly install resolved     version: '11.12.0',
49 silly install resolved     description: 'node',
49 silly install resolved     main: 'index.js',
49 silly install resolved     keywords: [ 'runtime' ],
49 silly install resolved     repository:
49 silly install resolved      { type: 'git',
49 silly install resolved        url: 'git+https://github.com/aredridel/node-bin-gen.git' },
49 silly install resolved     scripts: { preinstall: 'node installArchSpecificPackage' },
49 silly install resolved     bin: { node: 'bin/node' },
49 silly install resolved     dependencies: { 'node-bin-setup': '^1.0.0' },
49 silly install resolved     license: 'ISC',
49 silly install resolved     author: '',
49 silly install resolved     engines: { npm: '>=5.0.0' },
49 silly install resolved     bugs: { url: 'https://github.com/aredridel/node-bin-gen/issues' },
49 silly install resolved     homepage: 'https://github.com/aredridel/node-bin-gen#readme',
49 silly install resolved     _id: 'node@11.12.0',
49 silly install resolved     _nodeVersion: '11.7.0',
49 silly install resolved     _npmVersion: '6.9.0',
49 silly install resolved     _npmUser: { name: 'aredridel', email: 'aredridel@dinhe.net' },
49 silly install resolved     dist:
49 silly install resolved      { integrity: 'sha512-um2HVV67QzgmYnfrT6XszwwUT7S/i5nzIls68jEYOfVFJye+0ta2leda2ZWYUHzAajbUYyMp312v+1yYh0Jixw==',
49 silly install resolved        shasum: 'ecf81fc5c6f27fd597bd7ffbe1cf1f7c2fa3a990',
49 silly install resolved        tarball: 'https://registry.npmjs.org/node/-/node-11.12.0.tgz',
49 silly install resolved        fileCount: 3,
49 silly install resolved        unpackedSize: 1477,
49 silly install resolved        'npm-signature': '-----BEGIN PGP SIGNATURE-----\r\nVersion: OpenPGP.js v3.0.4\r\nComment: https://openpgpjs.org\r\n\r\nwsFcBAEBCAAQBQJcjGEBCRA9TVsSAnZWagAAKVgP/1K6NkN+0PLPPLF0Yvm8\nXD+gk8HYxx+ezmXEwgnJ6rQMDrwadUQqSyyk6BOqCvvFppo468181wYOiPOx\nMXW/y2G/qrchCrWRg+nVMprkZ8nLG6SjznP9MgCy/JE8G/9RRbdqHhQ4zxeA\noMVVN3mY0fX0POe/gJja2a/LS4BwXlQIfpwf0CwQaJQhMaRwxPjceYGXJM3+\nLnzRSzZ6nCKmIcioBsFbrOI0XFyc08yF7b8/VXxrKqcN19WovHSIa0MNR953\naeyWZikg5yDfceEMJtumZ16qEfKENc25Lh3aE5YBWg21WzuRss7+QDzWNoEM\nobjjCFaZiR3/zu2+RHYP+Oa7OWCeIt5sHtuuLgw2q6hcFqx4AxkTjuKz2RVt\n33++l+OFpmAMd07UqZDsofIZM/EsLPCh0ixqgSRQu9JVWYo9jxzLGh8H0JxU\nCh4I0vR7muTChbcbg19q/CXGatIsQP4szq7aGfsyG2Sq0M0SrM4o9mI9ggfd\n1apn8FTvNUcNeOoY55aaMNLSLbsJv0AnfmDCvXXKosEC772cFqaI3pMRdidl\nxlwKzZkA43370Z6Y3SmKZd+o2s3LrBSjjweNzjO7ga3gtT2Q10U//qiw63gk\n2P/BlwyCjcikq/kyXLAQahHxv9yLeUMNF4/VPiAQtSp1rgM5cMIpP06jrF4+\nUPPd\r\n=Ew2x\r\n-----END PGP SIGNATURE-----\r\n' },
49 silly install resolved     maintainers: [ [Object], [Object] ],
49 silly install resolved     directories: {},
49 silly install resolved     _npmOperationalInternal:
49 silly install resolved      { host: 's3://npm-registry-packages',
49 silly install resolved        tmp: 'tmp/node_11.12.0_1552703744345_0.23129060444162453' },
49 silly install resolved     _hasShrinkwrap: false,
49 silly install resolved     _shasum: 'ecf81fc5c6f27fd597bd7ffbe1cf1f7c2fa3a990',
49 silly install resolved     _resolved: 'https://registry.npmjs.org/node/-/node-11.12.0.tgz',
49 silly install resolved     _from: 'node@>=11.12.0 <12.0.0',
49 silly install resolved     readme: 'ERROR: No README data found!' } ]
50 info install node@11.12.0 into /home/ubuntu/workspace/CSC-417/plm19proj2
51 info installOne node@11.12.0
52 verbose installOne of node to /home/ubuntu/workspace/CSC-417/plm19proj2 not in flight; installing
53 verbose correctMkdir /home/ubuntu/.npm/_locks correctMkdir not in flight; initializing
54 verbose lock using /home/ubuntu/.npm/_locks/node-31a46b86dca9c9b3.lock for /home/ubuntu/workspace/CSC-417/plm19proj2/node_modules/node
55 warn engine node@11.12.0: wanted: {"npm":">=5.0.0"} (current: {"node":"4.7.3","npm":"2.15.11"})
56 silly install write writing node 11.12.0 to /home/ubuntu/workspace/CSC-417/plm19proj2/node_modules/node
57 verbose unbuild node_modules/node
58 silly gentlyRm /home/ubuntu/workspace/CSC-417/plm19proj2/node_modules/node is being purged from base /home/ubuntu/workspace/CSC-417/plm19proj2
59 verbose gentlyRm don't care about contents; nuking /home/ubuntu/workspace/CSC-417/plm19proj2/node_modules/node
60 verbose tar unpack /home/ubuntu/.npm/node/11.12.0/package.tgz
61 verbose tar unpacking to /home/ubuntu/workspace/CSC-417/plm19proj2/node_modules/node
62 silly gentlyRm /home/ubuntu/workspace/CSC-417/plm19proj2/node_modules/node is being purged
63 verbose gentlyRm don't care about contents; nuking /home/ubuntu/workspace/CSC-417/plm19proj2/node_modules/node
64 silly gunzTarPerm modes [ '755', '644' ]
65 silly gunzTarPerm extractEntry package.json
66 silly gunzTarPerm extractEntry installArchSpecificPackage.js
67 silly gunzTarPerm extractEntry README.md
68 verbose write writing to /home/ubuntu/workspace/CSC-417/plm19proj2/node_modules/node/package.json
69 info preinstall node@11.12.0
70 verbose unsafe-perm in lifecycle true
71 info node@11.12.0 Failed to exec preinstall script
72 verbose unlock done using /home/ubuntu/.npm/_locks/node-31a46b86dca9c9b3.lock for /home/ubuntu/workspace/CSC-417/plm19proj2/node_modules/node
73 verbose stack Error: node@11.12.0 preinstall: `node installArchSpecificPackage`
73 verbose stack Exit status 1
73 verbose stack     at EventEmitter.<anonymous> (/home/ubuntu/.nvm/versions/node/v4.7.3/lib/node_modules/npm/lib/utils/lifecycle.js:217:16)
73 verbose stack     at emitTwo (events.js:87:13)
73 verbose stack     at EventEmitter.emit (events.js:172:7)
73 verbose stack     at ChildProcess.<anonymous> (/home/ubuntu/.nvm/versions/node/v4.7.3/lib/node_modules/npm/lib/utils/spawn.js:24:14)
73 verbose stack     at emitTwo (events.js:87:13)
73 verbose stack     at ChildProcess.emit (events.js:172:7)
73 verbose stack     at maybeClose (internal/child_process.js:854:16)
73 verbose stack     at Process.ChildProcess._handle.onexit (internal/child_process.js:222:5)
74 verbose pkgid node@11.12.0
75 verbose cwd /home/ubuntu/workspace/CSC-417/plm19proj2
76 error Linux 4.9.120-c9
77 error argv "/home/ubuntu/.nvm/versions/node/v4.7.3/bin/node" "/home/ubuntu/.nvm/versions/node/v4.7.3/bin/npm" "install"
78 error node v4.7.3
79 error npm  v2.15.11
80 error code ELIFECYCLE
81 error node@11.12.0 preinstall: `node installArchSpecificPackage`
81 error Exit status 1
82 error Failed at the node@11.12.0 preinstall script 'node installArchSpecificPackage'.
82 error This is most likely a problem with the node package,
82 error not with npm itself.
82 error Tell the author that this fails on your system:
82 error     node installArchSpecificPackage
82 error You can get information on how to open an issue for this project with:
82 error     npm bugs node
82 error Or if that isn't available, you can get their info via:
82 error
82 error     npm owner ls node
82 error There is likely additional logging output above.
83 verbose exit [ 1, true ]
84 verbose unbuild node_modules/node
85 info preuninstall node@11.12.0
86 info uninstall node@11.12.0
87 verbose unbuild rmStuff node@11.12.0 from /home/ubuntu/workspace/CSC-417/plm19proj2/node_modules
88 silly gentlyRm /home/ubuntu/workspace/CSC-417/plm19proj2/node_modules/.bin/node is being gently removed
89 silly gentlyRm verifying /home/ubuntu/workspace/CSC-417/plm19proj2 is an npm working directory
90 silly gentlyRm containing path /home/ubuntu/workspace/CSC-417/plm19proj2 is under npm's control, in /home/ubuntu/workspace/CSC-417/plm19proj2
91 silly gentlyRm deletion target /home/ubuntu/workspace/CSC-417/plm19proj2/node_modules/.bin/node is under /home/ubuntu/workspace/CSC-417/plm19proj2
92 verbose gentlyRm vacuuming from /home/ubuntu/workspace/CSC-417/plm19proj2/node_modules/.bin/node up to /home/ubuntu/workspace/CSC-417/plm19proj2
93 info postuninstall node@11.12.0
94 silly gentlyRm /home/ubuntu/workspace/CSC-417/plm19proj2/node_modules/node is being purged from base /home/ubuntu/workspace/CSC-417/plm19proj2
95 verbose gentlyRm don't care about contents; nuking /home/ubuntu/workspace/CSC-417/plm19proj2/node_modules/node
96 silly vacuum-fs purging /home/ubuntu/workspace/CSC-417/plm19proj2/node_modules/node
97 silly vacuum-fs quitting because other entries in /home/ubuntu/workspace/CSC-417/plm19proj2/node_modules
